0 info it worked if it ends with ok
1 verbose cli [ 'c:\\Program Files\\nodejs\\node.exe',
1 verbose cli   'c:\\Program Files\\nodejs\\node_modules\\npm\\bin\\npm-cli.js',
1 verbose cli   'install',
1 verbose cli   '--save',
1 verbose cli   'RegExp' ]
2 info using npm@2.10.1
3 info using node@v0.12.4
4 verbose install initial load of c:\Users\Felisberto\Documents\GitHub\quiz\package.json
5 verbose installManyTop reading scoped package data from c:\Users\Felisberto\Documents\GitHub\quiz\node_modules\body-parser\package.json
6 verbose installManyTop reading scoped package data from c:\Users\Felisberto\Documents\GitHub\quiz\node_modules\cookie-parser\package.json
7 verbose installManyTop reading scoped package data from c:\Users\Felisberto\Documents\GitHub\quiz\node_modules\debug\package.json
8 verbose installManyTop reading scoped package data from c:\Users\Felisberto\Documents\GitHub\quiz\node_modules\ejs\package.json
9 verbose installManyTop reading scoped package data from c:\Users\Felisberto\Documents\GitHub\quiz\node_modules\express\package.json
10 verbose installManyTop reading scoped package data from c:\Users\Felisberto\Documents\GitHub\quiz\node_modules\express-partials\package.json
11 verbose installManyTop reading scoped package data from c:\Users\Felisberto\Documents\GitHub\quiz\node_modules\morgan\package.json
12 verbose installManyTop reading scoped package data from c:\Users\Felisberto\Documents\GitHub\quiz\node_modules\pg\package.json
13 verbose installManyTop reading scoped package data from c:\Users\Felisberto\Documents\GitHub\quiz\node_modules\pg-hstore\package.json
14 verbose installManyTop reading scoped package data from c:\Users\Felisberto\Documents\GitHub\quiz\node_modules\sequelize\package.json
15 verbose installManyTop reading scoped package data from c:\Users\Felisberto\Documents\GitHub\quiz\node_modules\serve-favicon\package.json
16 verbose installManyTop reading scoped package data from c:\Users\Felisberto\Documents\GitHub\quiz\node_modules\sqlite3\package.json
17 info package.json debug@2.0.0 No license field.
18 info package.json express-partials@0.3.0 No license field.
19 info package.json ejs@0.8.8 No license field.
20 info package.json pg-hstore@2.3.2 No license field.
21 info package.json sqlite3@3.0.8 No license field.
22 info package.json pg@4.1.1 No license field.
23 verbose readDependencies loading dependencies from c:\Users\Felisberto\Documents\GitHub\quiz\package.json
24 silly cache add args [ 'RegExp', null ]
25 verbose cache add spec RegExp
26 silly cache add parsed spec { raw: 'RegExp',
26 silly cache add   scope: null,
26 silly cache add   name: 'RegExp',
26 silly cache add   rawSpec: '',
26 silly cache add   spec: '*',
26 silly cache add   type: 'range' }
27 silly addNamed RegExp@*
28 verbose addNamed "*" is a valid semver range for RegExp
29 silly addNameRange { name: 'RegExp', range: '*', hasData: false }
30 silly mapToRegistry name RegExp
31 silly mapToRegistry using default registry
32 silly mapToRegistry registry https://registry.npmjs.org/
33 silly mapToRegistry uri https://registry.npmjs.org/RegExp
34 verbose addNameRange registry:https://registry.npmjs.org/RegExp not in flight; fetching
35 verbose request uri https://registry.npmjs.org/RegExp
36 verbose request no auth needed
37 info attempt registry request try #1 at 20:24:06
38 verbose request id e79165e875bfa12c
39 http request GET https://registry.npmjs.org/RegExp
40 http 404 https://registry.npmjs.org/RegExp
41 verbose headers { server: 'CouchDB/1.5.0 (Erlang OTP/R16B03)',
41 verbose headers   'content-type': 'application/json',
41 verbose headers   'cache-control': 'max-age=0',
41 verbose headers   'content-length': '51',
41 verbose headers   'accept-ranges': 'bytes',
41 verbose headers   date: 'Thu, 18 Jun 2015 23:24:14 GMT',
41 verbose headers   via: '1.1 varnish',
41 verbose headers   age: '0',
41 verbose headers   connection: 'keep-alive',
41 verbose headers   'x-served-by': 'cache-fra1230-FRA',
41 verbose headers   'x-cache': 'MISS',
41 verbose headers   'x-cache-hits': '0',
41 verbose headers   'x-timer': 'S1434669853.858631,VS0,VE730' }
42 silly get cb [ 404,
42 silly get   { server: 'CouchDB/1.5.0 (Erlang OTP/R16B03)',
42 silly get     'content-type': 'application/json',
42 silly get     'cache-control': 'max-age=0',
42 silly get     'content-length': '51',
42 silly get     'accept-ranges': 'bytes',
42 silly get     date: 'Thu, 18 Jun 2015 23:24:14 GMT',
42 silly get     via: '1.1 varnish',
42 silly get     age: '0',
42 silly get     connection: 'keep-alive',
42 silly get     'x-served-by': 'cache-fra1230-FRA',
42 silly get     'x-cache': 'MISS',
42 silly get     'x-cache-hits': '0',
42 silly get     'x-timer': 'S1434669853.858631,VS0,VE730' } ]
43 verbose stack Error: 404 Not Found: RegExp
43 verbose stack     at CachingRegistryClient.<anonymous> (c:\Program Files\nodejs\node_modules\npm\node_modules\npm-registry-client\lib\request.js:245:14)
43 verbose stack     at Request._callback (c:\Program Files\nodejs\node_modules\npm\node_modules\npm-registry-client\lib\request.js:170:14)
43 verbose stack     at Request.self.callback (c:\Program Files\nodejs\node_modules\npm\node_modules\request\request.js:368:22)
43 verbose stack     at Request.emit (events.js:110:17)
43 verbose stack     at Request.<anonymous> (c:\Program Files\nodejs\node_modules\npm\node_modules\request\request.js:1219:14)
43 verbose stack     at Request.emit (events.js:129:20)
43 verbose stack     at IncomingMessage.<anonymous> (c:\Program Files\nodejs\node_modules\npm\node_modules\request\request.js:1167:12)
43 verbose stack     at IncomingMessage.emit (events.js:129:20)
43 verbose stack     at _stream_readable.js:908:16
43 verbose stack     at process._tickCallback (node.js:355:11)
44 verbose statusCode 404
45 verbose pkgid RegExp
46 verbose cwd c:\Users\Felisberto\Documents\GitHub\quiz
47 error Windows_NT 6.1.7601
48 error argv "c:\\Program Files\\nodejs\\node.exe" "c:\\Program Files\\nodejs\\node_modules\\npm\\bin\\npm-cli.js" "install" "--save" "RegExp"
49 error node v0.12.4
50 error npm  v2.10.1
51 error code E404
52 error 404 Not Found: RegExp
52 error 404
52 error 404 'RegExp' is not in the npm registry.
52 error 404 You should bug the author to publish it (or use the name yourself!)
52 error 404 It was specified as a dependency of 'quiz'
52 error 404
52 error 404 Note that you can also install from a
52 error 404 tarball, folder, http url, or git url.
53 verbose exit [ 1, true ]
